13:42:29.667 Config: {
	"UseFrontend": false,
	"UseMatchmaker": false,
	"UseHTTPS": false,
	"UseAuthentication": false,
	"LogToFile": true,
	"LogVerbose": true,
	"HomepageFile": "/Public/player.html",
	"AdditionalRoutes": {},
	"EnableWebserver": true,
	"MatchmakerAddress": "",
	"MatchmakerPort": "9999",
	"PublicIp": "localhost",
	"HttpPort": 80,
	"HttpsPort": 443,
	"StreamerPort": 8888,
	"SFUPort": 8889,
	"peerConnectionOptions": "{\"iceServers\":[{\"urls\":[\"stun:stun.l.google.com:19302\"]}]}",
	"publicIp": "127.0.0.1"
}
13:42:29.677 peerConnectionOptions = {"iceServers":[{"urls":["stun:stun.l.google.com:19302"]}]}
13:42:29.680 Running Cirrus - The Pixel Streaming reference implementation signalling server for Unreal Engine 5.0.
13:42:29.684 WebSocket listening for Streamer connections on :8888
13:42:29.684 WebSocket listening for SFU connections on :8889
13:42:29.684 WebSocket listening for Players connections on :80
13:42:29.685 Http listening on *: 80
