14:50:02.337 HTTP listening on *:2080
14:50:02.337 Matchmaker listening on *:2081
14:50:06.326 Message TYPE: connect
14:50:06.327 Adding connection for localhost with playerConnected: false
14:50:06.327 Message TYPE: connect
14:50:06.327 Adding connection for localhost with playerConnected: false
14:50:09.429 Message TYPE: ping
14:50:12.455 Redirect to localhost:7001
14:50:15.065 Message TYPE: clientConnected
14:50:15.065 Client connected to Cirrus server localhost:7001
14:50:20.186 WARNING: No empty Cirrus servers are available
14:50:22.216 WARNING: No empty Cirrus servers are available
14:50:24.233 WARNING: No empty Cirrus servers are available
14:50:26.254 WARNING: No empty Cirrus servers are available
14:50:26.733 Message TYPE: ping
14:50:28.265 WARNING: No empty Cirrus servers are available
14:50:30.277 WARNING: No empty Cirrus servers are available
14:50:32.289 WARNING: No empty Cirrus servers are available
14:50:34.300 WARNING: No empty Cirrus servers are available
14:50:36.313 WARNING: No empty Cirrus servers are available
14:50:39.030 WARNING: No empty Cirrus servers are available
14:50:39.445 Message TYPE: ping
14:50:42.151 WARNING: No empty Cirrus servers are available
14:50:44.177 WARNING: No empty Cirrus servers are available
14:50:46.189 WARNING: No empty Cirrus servers are available
14:50:48.201 WARNING: No empty Cirrus servers are available
14:50:50.213 WARNING: No empty Cirrus servers are available
14:50:52.223 WARNING: No empty Cirrus servers are available
14:50:54.238 WARNING: No empty Cirrus servers are available
14:50:56.250 WARNING: No empty Cirrus servers are available
14:50:56.762 Message TYPE: ping
14:50:58.263 WARNING: No empty Cirrus servers are available
14:51:00.275 WARNING: No empty Cirrus servers are available
14:51:02.286 WARNING: No empty Cirrus servers are available
14:51:04.298 WARNING: No empty Cirrus servers are available
14:51:06.308 WARNING: No empty Cirrus servers are available
14:51:08.318 WARNING: No empty Cirrus servers are available
14:51:09.463 Message TYPE: ping
14:51:10.329 WARNING: No empty Cirrus servers are available
14:51:12.341 WARNING: No empty Cirrus servers are available
14:51:14.353 WARNING: No empty Cirrus servers are available
14:51:16.365 WARNING: No empty Cirrus servers are available
14:51:18.375 WARNING: No empty Cirrus servers are available
14:51:20.389 WARNING: No empty Cirrus servers are available
14:51:22.402 WARNING: No empty Cirrus servers are available
14:51:24.415 WARNING: No empty Cirrus servers are available
14:51:26.426 WARNING: No empty Cirrus servers are available
14:51:26.792 Message TYPE: ping
14:51:28.439 WARNING: No empty Cirrus servers are available
14:51:31.030 WARNING: No empty Cirrus servers are available
14:51:32.753 Message TYPE: clientDisconnected
14:51:32.753 Client disconnected from Cirrus server localhost:7001
14:51:33.041 Redirect to localhost:7001
14:51:36.648 Message TYPE: clientConnected
14:51:36.648 Client connected to Cirrus server localhost:7001
14:51:39.465 Message TYPE: ping
14:51:48.658 WARNING: No empty Cirrus servers are available
14:51:50.698 WARNING: No empty Cirrus servers are available
14:51:52.708 WARNING: No empty Cirrus servers are available
14:51:54.719 WARNING: No empty Cirrus servers are available
14:51:56.732 WARNING: No empty Cirrus servers are available
14:51:56.821 Message TYPE: ping
14:51:58.744 WARNING: No empty Cirrus servers are available
14:52:00.755 WARNING: No empty Cirrus servers are available
14:52:02.766 WARNING: No empty Cirrus servers are available
14:52:04.776 WARNING: No empty Cirrus servers are available
14:52:06.787 WARNING: No empty Cirrus servers are available
14:52:08.798 WARNING: No empty Cirrus servers are available
14:52:09.481 Message TYPE: ping
14:52:10.810 WARNING: No empty Cirrus servers are available
14:52:12.820 WARNING: No empty Cirrus servers are available
14:52:14.830 WARNING: No empty Cirrus servers are available
14:52:16.841 WARNING: No empty Cirrus servers are available
14:52:18.853 WARNING: No empty Cirrus servers are available
14:52:20.874 WARNING: No empty Cirrus servers are available
14:52:22.889 WARNING: No empty Cirrus servers are available
14:52:24.900 WARNING: No empty Cirrus servers are available
14:52:26.849 Message TYPE: ping
14:52:26.910 WARNING: No empty Cirrus servers are available
14:52:28.920 WARNING: No empty Cirrus servers are available
14:52:30.930 WARNING: No empty Cirrus servers are available
14:52:32.943 WARNING: No empty Cirrus servers are available
14:52:34.955 WARNING: No empty Cirrus servers are available
14:52:36.966 WARNING: No empty Cirrus servers are available
14:52:38.976 WARNING: No empty Cirrus servers are available
14:52:39.511 Message TYPE: ping
14:52:40.988 WARNING: No empty Cirrus servers are available
14:52:42.999 WARNING: No empty Cirrus servers are available
14:52:45.010 WARNING: No empty Cirrus servers are available
14:52:47.022 WARNING: No empty Cirrus servers are available
14:52:49.034 WARNING: No empty Cirrus servers are available
14:52:51.044 WARNING: No empty Cirrus servers are available
14:52:53.058 WARNING: No empty Cirrus servers are available
14:52:55.069 WARNING: No empty Cirrus servers are available
14:52:56.877 Message TYPE: ping
14:52:57.079 WARNING: No empty Cirrus servers are available
14:52:59.092 WARNING: No empty Cirrus servers are available
14:53:01.104 WARNING: No empty Cirrus servers are available
14:53:03.117 WARNING: No empty Cirrus servers are available
14:53:03.432 Message TYPE: streamerConnected
14:53:03.432 Cirrus server localhost:6001 ready for use
14:53:03.700 Message TYPE: streamerDisconnected
14:53:03.700 Cirrus server localhost:6001 no longer ready for use
14:53:05.133 WARNING: No empty Cirrus servers are available
14:53:07.143 WARNING: No empty Cirrus servers are available
14:53:09.155 WARNING: No empty Cirrus servers are available
14:53:09.525 Message TYPE: ping
14:53:11.166 WARNING: No empty Cirrus servers are available
14:53:13.177 WARNING: No empty Cirrus servers are available
14:53:15.189 WARNING: No empty Cirrus servers are available
14:53:17.200 WARNING: No empty Cirrus servers are available
14:53:19.210 WARNING: No empty Cirrus servers are available
14:53:21.222 WARNING: No empty Cirrus servers are available
14:53:23.233 WARNING: No empty Cirrus servers are available
14:53:25.246 WARNING: No empty Cirrus servers are available
14:53:26.898 Message TYPE: ping
14:53:27.256 WARNING: No empty Cirrus servers are available
14:53:29.267 WARNING: No empty Cirrus servers are available
14:53:31.278 WARNING: No empty Cirrus servers are available
14:53:33.289 WARNING: No empty Cirrus servers are available
14:53:35.300 WARNING: No empty Cirrus servers are available
14:53:37.309 WARNING: No empty Cirrus servers are available
14:53:39.321 WARNING: No empty Cirrus servers are available
14:53:39.553 Message TYPE: ping
14:53:41.332 WARNING: No empty Cirrus servers are available
14:53:43.344 WARNING: No empty Cirrus servers are available
14:53:45.356 WARNING: No empty Cirrus servers are available
14:53:47.366 WARNING: No empty Cirrus servers are available
14:53:49.377 WARNING: No empty Cirrus servers are available
14:53:51.393 Message TYPE: streamerConnected
14:53:51.393 Cirrus server localhost:6001 ready for use
14:53:51.395 Redirect to localhost:6001
14:53:51.609 Message TYPE: streamerDisconnected
14:53:51.609 Cirrus server localhost:6001 no longer ready for use
14:53:56.898 Message TYPE: ping
14:54:06.224 WARNING: No empty Cirrus servers are available
14:54:08.276 WARNING: No empty Cirrus servers are available
14:54:09.569 Message TYPE: ping
14:54:10.286 WARNING: No empty Cirrus servers are available
14:54:12.297 WARNING: No empty Cirrus servers are available
14:54:14.308 WARNING: No empty Cirrus servers are available
14:54:16.315 WARNING: No empty Cirrus servers are available
14:54:18.326 WARNING: No empty Cirrus servers are available
14:54:20.338 WARNING: No empty Cirrus servers are available
14:54:22.349 WARNING: No empty Cirrus servers are available
14:54:24.359 WARNING: No empty Cirrus servers are available
14:54:26.374 WARNING: No empty Cirrus servers are available
14:54:26.921 Message TYPE: ping
14:54:28.385 WARNING: No empty Cirrus servers are available
14:54:30.397 WARNING: No empty Cirrus servers are available
14:54:32.407 WARNING: No empty Cirrus servers are available
14:54:34.420 WARNING: No empty Cirrus servers are available
14:54:36.431 WARNING: No empty Cirrus servers are available
14:54:38.443 WARNING: No empty Cirrus servers are available
14:54:39.597 Message TYPE: ping
14:54:40.455 WARNING: No empty Cirrus servers are available
14:54:42.466 WARNING: No empty Cirrus servers are available
14:54:44.478 WARNING: No empty Cirrus servers are available
14:54:46.490 WARNING: No empty Cirrus servers are available
14:54:48.500 WARNING: No empty Cirrus servers are available
14:54:50.513 WARNING: No empty Cirrus servers are available
14:54:52.524 WARNING: No empty Cirrus servers are available
14:54:54.534 WARNING: No empty Cirrus servers are available
14:54:56.546 WARNING: No empty Cirrus servers are available
14:54:56.951 Message TYPE: ping
14:54:58.560 WARNING: No empty Cirrus servers are available
14:55:00.574 WARNING: No empty Cirrus servers are available
14:55:02.586 WARNING: No empty Cirrus servers are available
14:55:04.596 WARNING: No empty Cirrus servers are available
14:55:06.608 WARNING: No empty Cirrus servers are available
14:55:08.626 WARNING: No empty Cirrus servers are available
14:55:09.616 Message TYPE: ping
14:55:10.639 WARNING: No empty Cirrus servers are available
14:55:12.651 WARNING: No empty Cirrus servers are available
14:55:14.663 WARNING: No empty Cirrus servers are available
14:55:16.674 WARNING: No empty Cirrus servers are available
14:55:18.687 WARNING: No empty Cirrus servers are available
14:55:20.698 WARNING: No empty Cirrus servers are available
14:55:22.710 WARNING: No empty Cirrus servers are available
14:55:24.721 WARNING: No empty Cirrus servers are available
14:55:26.732 WARNING: No empty Cirrus servers are available
14:55:26.981 Message TYPE: ping
14:55:28.746 WARNING: No empty Cirrus servers are available
14:55:30.758 WARNING: No empty Cirrus servers are available
14:55:32.768 WARNING: No empty Cirrus servers are available
14:55:34.781 WARNING: No empty Cirrus servers are available
14:55:36.791 WARNING: No empty Cirrus servers are available
14:55:38.802 WARNING: No empty Cirrus servers are available
14:55:39.645 Message TYPE: ping
14:55:40.812 WARNING: No empty Cirrus servers are available
14:55:42.823 WARNING: No empty Cirrus servers are available
14:55:44.834 WARNING: No empty Cirrus servers are available
14:55:46.845 WARNING: No empty Cirrus servers are available
14:55:48.855 WARNING: No empty Cirrus servers are available
14:55:50.867 WARNING: No empty Cirrus servers are available
14:55:52.878 WARNING: No empty Cirrus servers are available
14:55:54.889 WARNING: No empty Cirrus servers are available
14:55:56.900 WARNING: No empty Cirrus servers are available
14:55:57.009 Message TYPE: ping
14:55:58.912 WARNING: No empty Cirrus servers are available
14:56:00.923 WARNING: No empty Cirrus servers are available
14:56:02.936 WARNING: No empty Cirrus servers are available
14:56:04.948 WARNING: No empty Cirrus servers are available
14:56:06.960 WARNING: No empty Cirrus servers are available
14:56:08.974 WARNING: No empty Cirrus servers are available
14:56:09.661 Message TYPE: ping
14:56:10.986 WARNING: No empty Cirrus servers are available
14:56:12.997 WARNING: No empty Cirrus servers are available
14:56:15.009 WARNING: No empty Cirrus servers are available
14:56:17.021 WARNING: No empty Cirrus servers are available
14:56:19.034 WARNING: No empty Cirrus servers are available
14:56:21.045 WARNING: No empty Cirrus servers are available
14:56:23.056 WARNING: No empty Cirrus servers are available
14:56:25.070 WARNING: No empty Cirrus servers are available
14:56:27.037 Message TYPE: ping
14:56:27.082 WARNING: No empty Cirrus servers are available
14:56:29.092 WARNING: No empty Cirrus servers are available
14:56:31.104 WARNING: No empty Cirrus servers are available
14:56:33.115 WARNING: No empty Cirrus servers are available
14:56:35.125 WARNING: No empty Cirrus servers are available
14:56:37.136 WARNING: No empty Cirrus servers are available
14:56:39.147 WARNING: No empty Cirrus servers are available
14:56:39.690 Message TYPE: ping
14:56:41.161 WARNING: No empty Cirrus servers are available
14:56:43.172 WARNING: No empty Cirrus servers are available
14:56:45.183 WARNING: No empty Cirrus servers are available
14:56:47.193 WARNING: No empty Cirrus servers are available
14:56:49.204 WARNING: No empty Cirrus servers are available
14:56:51.216 WARNING: No empty Cirrus servers are available
14:56:53.226 WARNING: No empty Cirrus servers are available
14:56:55.237 WARNING: No empty Cirrus servers are available
14:56:57.065 Message TYPE: ping
14:56:57.250 WARNING: No empty Cirrus servers are available
14:56:59.260 WARNING: No empty Cirrus servers are available
14:57:01.273 WARNING: No empty Cirrus servers are available
14:57:03.284 WARNING: No empty Cirrus servers are available
14:57:05.296 WARNING: No empty Cirrus servers are available
14:57:07.307 WARNING: No empty Cirrus servers are available
14:57:09.318 WARNING: No empty Cirrus servers are available
14:57:09.709 Message TYPE: ping
14:57:11.329 WARNING: No empty Cirrus servers are available
14:57:13.342 WARNING: No empty Cirrus servers are available
14:57:15.354 WARNING: No empty Cirrus servers are available
14:57:17.367 WARNING: No empty Cirrus servers are available
14:57:19.378 WARNING: No empty Cirrus servers are available
14:57:21.390 WARNING: No empty Cirrus servers are available
14:57:23.401 WARNING: No empty Cirrus servers are available
14:57:25.415 WARNING: No empty Cirrus servers are available
14:57:27.095 Message TYPE: ping
14:57:27.427 WARNING: No empty Cirrus servers are available
14:57:29.440 WARNING: No empty Cirrus servers are available
14:57:31.451 WARNING: No empty Cirrus servers are available
14:57:33.462 WARNING: No empty Cirrus servers are available
14:57:35.473 WARNING: No empty Cirrus servers are available
14:57:37.486 WARNING: No empty Cirrus servers are available
14:57:39.497 WARNING: No empty Cirrus servers are available
14:57:39.737 Message TYPE: ping
14:57:41.510 WARNING: No empty Cirrus servers are available
14:57:43.520 WARNING: No empty Cirrus servers are available
14:57:45.531 WARNING: No empty Cirrus servers are available
14:57:47.541 WARNING: No empty Cirrus servers are available
14:57:49.552 WARNING: No empty Cirrus servers are available
14:57:51.562 WARNING: No empty Cirrus servers are available
14:57:53.575 WARNING: No empty Cirrus servers are available
14:57:55.585 WARNING: No empty Cirrus servers are available
14:57:57.121 Message TYPE: ping
14:57:57.597 WARNING: No empty Cirrus servers are available
14:57:59.608 WARNING: No empty Cirrus servers are available
14:58:01.620 WARNING: No empty Cirrus servers are available
14:58:03.632 WARNING: No empty Cirrus servers are available
14:58:05.643 WARNING: No empty Cirrus servers are available
14:58:07.655 WARNING: No empty Cirrus servers are available
14:58:09.666 WARNING: No empty Cirrus servers are available
14:58:09.756 Message TYPE: ping
14:58:11.678 WARNING: No empty Cirrus servers are available
14:58:13.688 WARNING: No empty Cirrus servers are available
14:58:15.704 WARNING: No empty Cirrus servers are available
14:58:17.716 WARNING: No empty Cirrus servers are available
14:58:19.727 WARNING: No empty Cirrus servers are available
14:58:21.739 WARNING: No empty Cirrus servers are available
14:58:23.750 WARNING: No empty Cirrus servers are available
14:58:25.762 WARNING: No empty Cirrus servers are available
14:58:27.150 Message TYPE: ping
14:58:27.774 WARNING: No empty Cirrus servers are available
14:58:29.784 WARNING: No empty Cirrus servers are available
14:58:31.795 WARNING: No empty Cirrus servers are available
14:58:33.806 WARNING: No empty Cirrus servers are available
14:58:35.817 WARNING: No empty Cirrus servers are available
14:58:37.828 WARNING: No empty Cirrus servers are available
14:58:39.785 Message TYPE: ping
14:58:39.840 WARNING: No empty Cirrus servers are available
14:58:41.851 WARNING: No empty Cirrus servers are available
14:58:43.861 WARNING: No empty Cirrus servers are available
14:58:45.871 WARNING: No empty Cirrus servers are available
14:58:47.884 WARNING: No empty Cirrus servers are available
14:58:49.894 WARNING: No empty Cirrus servers are available
14:58:51.904 WARNING: No empty Cirrus servers are available
14:58:53.917 WARNING: No empty Cirrus servers are available
14:58:55.928 WARNING: No empty Cirrus servers are available
14:58:57.180 Message TYPE: ping
14:58:57.938 WARNING: No empty Cirrus servers are available
14:58:59.951 WARNING: No empty Cirrus servers are available
14:59:01.963 WARNING: No empty Cirrus servers are available
14:59:03.973 WARNING: No empty Cirrus servers are available
14:59:05.986 WARNING: No empty Cirrus servers are available
14:59:07.999 WARNING: No empty Cirrus servers are available
14:59:09.802 Message TYPE: ping
14:59:10.012 WARNING: No empty Cirrus servers are available
14:59:12.022 WARNING: No empty Cirrus servers are available
14:59:14.036 WARNING: No empty Cirrus servers are available
14:59:16.048 WARNING: No empty Cirrus servers are available
14:59:18.058 WARNING: No empty Cirrus servers are available
14:59:20.074 WARNING: No empty Cirrus servers are available
14:59:22.087 WARNING: No empty Cirrus servers are available
14:59:24.099 WARNING: No empty Cirrus servers are available
14:59:26.110 WARNING: No empty Cirrus servers are available
14:59:27.209 Message TYPE: ping
14:59:28.122 WARNING: No empty Cirrus servers are available
14:59:30.133 WARNING: No empty Cirrus servers are available
14:59:32.145 WARNING: No empty Cirrus servers are available
14:59:34.158 WARNING: No empty Cirrus servers are available
14:59:36.169 WARNING: No empty Cirrus servers are available
14:59:38.182 WARNING: No empty Cirrus servers are available
14:59:39.829 Message TYPE: ping
14:59:40.193 WARNING: No empty Cirrus servers are available
14:59:42.204 WARNING: No empty Cirrus servers are available
14:59:44.217 WARNING: No empty Cirrus servers are available
14:59:46.228 WARNING: No empty Cirrus servers are available
14:59:48.240 WARNING: No empty Cirrus servers are available
14:59:50.252 WARNING: No empty Cirrus servers are available
14:59:52.263 WARNING: No empty Cirrus servers are available
14:59:54.273 WARNING: No empty Cirrus servers are available
14:59:57.237 Message TYPE: ping
15:00:09.845 Message TYPE: ping
15:00:27.265 Message TYPE: ping
15:00:39.873 Message TYPE: ping
15:00:57.293 Message TYPE: ping
15:01:09.889 Message TYPE: ping
15:01:27.321 Message TYPE: ping
15:01:39.917 Message TYPE: ping
15:01:57.349 Message TYPE: ping
15:02:09.933 Message TYPE: ping
15:02:27.377 Message TYPE: ping
15:02:39.962 Message TYPE: ping
15:02:57.405 Message TYPE: ping
15:03:09.977 Message TYPE: ping
15:03:27.433 Message TYPE: ping
15:03:40.006 Message TYPE: ping
15:03:57.462 Message TYPE: ping
15:04:10.021 Message TYPE: ping
15:04:27.489 Message TYPE: ping
15:04:40.049 Message TYPE: ping
15:04:57.517 Message TYPE: ping
15:05:10.068 Message TYPE: ping
15:05:27.545 Message TYPE: ping
15:05:40.097 Message TYPE: ping
15:05:57.575 Message TYPE: ping
15:06:10.113 Message TYPE: ping
15:06:20.795 WARNING: No empty Cirrus servers are available
15:06:22.830 WARNING: No empty Cirrus servers are available
15:06:24.867 WARNING: No empty Cirrus servers are available
15:06:26.918 WARNING: No empty Cirrus servers are available
15:06:27.601 Message TYPE: ping
15:06:28.933 WARNING: No empty Cirrus servers are available
15:06:30.947 WARNING: No empty Cirrus servers are available
15:06:32.959 WARNING: No empty Cirrus servers are available
15:06:34.972 WARNING: No empty Cirrus servers are available
15:06:36.984 WARNING: No empty Cirrus servers are available
15:06:38.995 WARNING: No empty Cirrus servers are available
15:06:40.141 Message TYPE: ping
15:06:41.003 WARNING: No empty Cirrus servers are available
15:06:43.015 WARNING: No empty Cirrus servers are available
15:06:45.028 WARNING: No empty Cirrus servers are available
15:06:47.040 WARNING: No empty Cirrus servers are available
15:06:49.053 WARNING: No empty Cirrus servers are available
15:06:51.065 WARNING: No empty Cirrus servers are available
15:06:53.078 WARNING: No empty Cirrus servers are available
15:06:55.090 WARNING: No empty Cirrus servers are available
15:06:57.101 WARNING: No empty Cirrus servers are available
15:06:57.629 Message TYPE: ping
15:06:59.114 WARNING: No empty Cirrus servers are available
15:07:01.126 WARNING: No empty Cirrus servers are available
15:07:03.138 WARNING: No empty Cirrus servers are available
15:07:05.149 WARNING: No empty Cirrus servers are available
15:07:07.160 WARNING: No empty Cirrus servers are available
15:07:09.168 WARNING: No empty Cirrus servers are available
15:07:10.161 Message TYPE: ping
15:07:11.179 WARNING: No empty Cirrus servers are available
15:07:13.191 WARNING: No empty Cirrus servers are available
15:07:15.202 WARNING: No empty Cirrus servers are available
15:07:17.215 WARNING: No empty Cirrus servers are available
15:07:19.227 WARNING: No empty Cirrus servers are available
15:07:21.238 WARNING: No empty Cirrus servers are available
15:07:23.250 WARNING: No empty Cirrus servers are available
15:07:25.263 WARNING: No empty Cirrus servers are available
15:07:27.274 WARNING: No empty Cirrus servers are available
15:07:27.657 Message TYPE: ping
15:07:29.284 WARNING: No empty Cirrus servers are available
15:07:31.299 WARNING: No empty Cirrus servers are available
15:07:33.310 WARNING: No empty Cirrus servers are available
15:07:35.322 WARNING: No empty Cirrus servers are available
15:07:37.334 WARNING: No empty Cirrus servers are available
15:07:39.346 WARNING: No empty Cirrus servers are available
15:07:40.189 Message TYPE: ping
15:07:41.358 WARNING: No empty Cirrus servers are available
15:07:43.370 WARNING: No empty Cirrus servers are available
15:07:45.382 WARNING: No empty Cirrus servers are available
15:07:47.394 WARNING: No empty Cirrus servers are available
15:07:49.404 WARNING: No empty Cirrus servers are available
15:07:51.418 WARNING: No empty Cirrus servers are available
15:07:53.429 WARNING: No empty Cirrus servers are available
15:07:55.441 WARNING: No empty Cirrus servers are available
15:07:57.450 WARNING: No empty Cirrus servers are available
15:07:57.685 Message TYPE: ping
15:07:59.460 WARNING: No empty Cirrus servers are available
15:08:01.471 WARNING: No empty Cirrus servers are available
15:08:03.482 WARNING: No empty Cirrus servers are available
15:08:05.494 WARNING: No empty Cirrus servers are available
15:08:07.506 WARNING: No empty Cirrus servers are available
15:08:09.516 WARNING: No empty Cirrus servers are available
15:08:10.205 Message TYPE: ping
15:08:11.530 WARNING: No empty Cirrus servers are available
15:08:13.541 WARNING: No empty Cirrus servers are available
15:08:15.553 WARNING: No empty Cirrus servers are available
15:08:17.566 WARNING: No empty Cirrus servers are available
15:08:19.578 WARNING: No empty Cirrus servers are available
15:08:21.589 WARNING: No empty Cirrus servers are available
15:08:23.601 WARNING: No empty Cirrus servers are available
15:08:25.613 WARNING: No empty Cirrus servers are available
15:08:27.625 WARNING: No empty Cirrus servers are available
15:08:27.713 Message TYPE: ping
15:08:29.637 WARNING: No empty Cirrus servers are available
15:08:31.650 WARNING: No empty Cirrus servers are available
15:08:33.664 WARNING: No empty Cirrus servers are available
15:08:35.675 WARNING: No empty Cirrus servers are available
15:08:37.686 WARNING: No empty Cirrus servers are available
15:08:39.697 WARNING: No empty Cirrus servers are available
15:08:40.235 Message TYPE: ping
15:08:41.709 WARNING: No empty Cirrus servers are available
15:08:43.719 WARNING: No empty Cirrus servers are available
15:08:45.729 WARNING: No empty Cirrus servers are available
15:08:47.739 WARNING: No empty Cirrus servers are available
15:08:49.749 WARNING: No empty Cirrus servers are available
15:08:51.763 WARNING: No empty Cirrus servers are available
15:08:53.777 WARNING: No empty Cirrus servers are available
15:08:55.787 WARNING: No empty Cirrus servers are available
15:08:57.741 Message TYPE: ping
15:08:57.797 WARNING: No empty Cirrus servers are available
15:08:59.808 WARNING: No empty Cirrus servers are available
15:09:01.820 WARNING: No empty Cirrus servers are available
15:09:03.832 WARNING: No empty Cirrus servers are available
15:09:05.845 WARNING: No empty Cirrus servers are available
15:09:07.856 WARNING: No empty Cirrus servers are available
15:09:09.867 WARNING: No empty Cirrus servers are available
15:09:10.253 Message TYPE: ping
15:09:11.879 WARNING: No empty Cirrus servers are available
15:09:13.892 WARNING: No empty Cirrus servers are available
15:09:15.906 WARNING: No empty Cirrus servers are available
15:09:17.918 WARNING: No empty Cirrus servers are available
15:09:19.930 WARNING: No empty Cirrus servers are available
15:09:21.942 WARNING: No empty Cirrus servers are available
15:09:23.953 WARNING: No empty Cirrus servers are available
15:09:25.964 WARNING: No empty Cirrus servers are available
15:09:27.771 Message TYPE: ping
15:09:27.975 WARNING: No empty Cirrus servers are available
15:09:29.987 WARNING: No empty Cirrus servers are available
15:09:32.001 WARNING: No empty Cirrus servers are available
15:09:34.014 WARNING: No empty Cirrus servers are available
15:09:36.027 WARNING: No empty Cirrus servers are available
15:09:38.041 WARNING: No empty Cirrus servers are available
15:09:40.051 WARNING: No empty Cirrus servers are available
15:09:40.283 Message TYPE: ping
15:09:42.062 WARNING: No empty Cirrus servers are available
15:09:44.072 WARNING: No empty Cirrus servers are available
15:09:46.084 WARNING: No empty Cirrus servers are available
15:09:48.096 WARNING: No empty Cirrus servers are available
15:09:50.107 WARNING: No empty Cirrus servers are available
15:09:52.118 WARNING: No empty Cirrus servers are available
15:09:54.128 WARNING: No empty Cirrus servers are available
15:09:56.139 WARNING: No empty Cirrus servers are available
15:09:57.801 Message TYPE: ping
15:09:58.150 WARNING: No empty Cirrus servers are available
15:10:00.162 WARNING: No empty Cirrus servers are available
15:10:02.173 WARNING: No empty Cirrus servers are available
15:10:04.184 WARNING: No empty Cirrus servers are available
15:10:06.194 WARNING: No empty Cirrus servers are available
15:10:08.204 WARNING: No empty Cirrus servers are available
15:10:10.215 WARNING: No empty Cirrus servers are available
15:10:10.301 Message TYPE: ping
15:10:12.226 WARNING: No empty Cirrus servers are available
15:10:14.237 WARNING: No empty Cirrus servers are available
15:10:16.248 WARNING: No empty Cirrus servers are available
15:10:18.258 WARNING: No empty Cirrus servers are available
15:10:20.269 WARNING: No empty Cirrus servers are available
15:10:22.278 WARNING: No empty Cirrus servers are available
15:10:24.292 WARNING: No empty Cirrus servers are available
15:10:26.302 WARNING: No empty Cirrus servers are available
15:10:27.829 Message TYPE: ping
15:10:28.315 WARNING: No empty Cirrus servers are available
15:10:30.324 WARNING: No empty Cirrus servers are available
15:10:32.338 WARNING: No empty Cirrus servers are available
15:10:34.350 WARNING: No empty Cirrus servers are available
15:10:36.360 WARNING: No empty Cirrus servers are available
15:10:38.373 WARNING: No empty Cirrus servers are available
15:10:40.329 Message TYPE: ping
15:10:40.384 WARNING: No empty Cirrus servers are available
15:10:42.395 WARNING: No empty Cirrus servers are available
15:10:44.409 WARNING: No empty Cirrus servers are available
15:10:46.421 WARNING: No empty Cirrus servers are available
15:10:48.432 WARNING: No empty Cirrus servers are available
15:10:50.443 WARNING: No empty Cirrus servers are available
15:10:52.455 WARNING: No empty Cirrus servers are available
15:10:54.466 WARNING: No empty Cirrus servers are available
15:10:56.484 WARNING: No empty Cirrus servers are available
15:10:57.857 Message TYPE: ping
15:10:58.502 WARNING: No empty Cirrus servers are available
15:11:00.514 WARNING: No empty Cirrus servers are available
15:11:02.525 WARNING: No empty Cirrus servers are available
15:11:04.536 WARNING: No empty Cirrus servers are available
15:11:06.548 WARNING: No empty Cirrus servers are available
15:11:08.560 WARNING: No empty Cirrus servers are available
15:11:10.348 Message TYPE: ping
15:11:10.570 WARNING: No empty Cirrus servers are available
15:11:12.581 WARNING: No empty Cirrus servers are available
15:11:14.592 WARNING: No empty Cirrus servers are available
15:11:16.603 WARNING: No empty Cirrus servers are available
15:11:18.615 WARNING: No empty Cirrus servers are available
15:11:20.626 WARNING: No empty Cirrus servers are available
15:11:22.638 WARNING: No empty Cirrus servers are available
15:11:24.650 WARNING: No empty Cirrus servers are available
15:11:26.659 WARNING: No empty Cirrus servers are available
15:11:27.885 Message TYPE: ping
15:11:28.674 WARNING: No empty Cirrus servers are available
15:11:30.685 WARNING: No empty Cirrus servers are available
15:11:32.697 WARNING: No empty Cirrus servers are available
15:11:34.708 WARNING: No empty Cirrus servers are available
15:11:36.719 WARNING: No empty Cirrus servers are available
15:11:38.729 WARNING: No empty Cirrus servers are available
15:11:40.376 Message TYPE: ping
15:11:40.740 WARNING: No empty Cirrus servers are available
15:11:42.751 WARNING: No empty Cirrus servers are available
15:11:44.761 WARNING: No empty Cirrus servers are available
15:11:46.770 WARNING: No empty Cirrus servers are available
15:11:48.781 WARNING: No empty Cirrus servers are available
15:11:50.791 WARNING: No empty Cirrus servers are available
15:11:52.804 WARNING: No empty Cirrus servers are available
15:11:54.816 WARNING: No empty Cirrus servers are available
15:11:56.829 WARNING: No empty Cirrus servers are available
15:11:57.913 Message TYPE: ping
15:11:58.839 WARNING: No empty Cirrus servers are available
15:12:00.852 WARNING: No empty Cirrus servers are available
15:12:02.866 WARNING: No empty Cirrus servers are available
15:12:04.878 WARNING: No empty Cirrus servers are available
15:12:06.888 WARNING: No empty Cirrus servers are available
15:12:08.898 WARNING: No empty Cirrus servers are available
15:12:10.394 Message TYPE: ping
15:12:10.908 WARNING: No empty Cirrus servers are available
15:12:12.920 WARNING: No empty Cirrus servers are available
15:12:14.933 WARNING: No empty Cirrus servers are available
15:12:16.943 WARNING: No empty Cirrus servers are available
15:12:18.955 WARNING: No empty Cirrus servers are available
15:12:20.966 WARNING: No empty Cirrus servers are available
15:12:22.977 WARNING: No empty Cirrus servers are available
15:12:24.991 WARNING: No empty Cirrus servers are available
15:12:27.004 WARNING: No empty Cirrus servers are available
15:12:27.941 Message TYPE: ping
15:12:29.015 WARNING: No empty Cirrus servers are available
15:12:31.028 WARNING: No empty Cirrus servers are available
15:12:33.042 WARNING: No empty Cirrus servers are available
15:12:35.055 WARNING: No empty Cirrus servers are available
15:12:37.066 WARNING: No empty Cirrus servers are available
15:12:39.077 WARNING: No empty Cirrus servers are available
15:12:40.423 Message TYPE: ping
15:12:41.089 WARNING: No empty Cirrus servers are available
15:12:43.101 WARNING: No empty Cirrus servers are available
15:12:45.113 WARNING: No empty Cirrus servers are available
15:12:47.123 WARNING: No empty Cirrus servers are available
15:12:49.136 WARNING: No empty Cirrus servers are available
15:12:51.146 WARNING: No empty Cirrus servers are available
15:12:53.158 WARNING: No empty Cirrus servers are available
15:12:55.171 WARNING: No empty Cirrus servers are available
15:12:57.183 WARNING: No empty Cirrus servers are available
15:12:57.971 Message TYPE: ping
15:12:59.194 WARNING: No empty Cirrus servers are available
15:13:01.207 WARNING: No empty Cirrus servers are available
15:13:03.220 WARNING: No empty Cirrus servers are available
15:13:05.231 WARNING: No empty Cirrus servers are available
15:13:07.239 WARNING: No empty Cirrus servers are available
15:13:09.253 WARNING: No empty Cirrus servers are available
15:13:10.441 Message TYPE: ping
15:13:11.265 WARNING: No empty Cirrus servers are available
15:13:13.276 WARNING: No empty Cirrus servers are available
15:13:15.286 WARNING: No empty Cirrus servers are available
15:13:17.296 WARNING: No empty Cirrus servers are available
15:13:19.307 WARNING: No empty Cirrus servers are available
15:13:21.319 WARNING: No empty Cirrus servers are available
15:13:23.330 WARNING: No empty Cirrus servers are available
15:13:25.343 WARNING: No empty Cirrus servers are available
15:13:27.353 WARNING: No empty Cirrus servers are available
15:13:28.001 Message TYPE: ping
15:13:29.364 WARNING: No empty Cirrus servers are available
15:13:31.377 WARNING: No empty Cirrus servers are available
15:13:33.390 WARNING: No empty Cirrus servers are available
15:13:35.400 WARNING: No empty Cirrus servers are available
15:13:37.412 WARNING: No empty Cirrus servers are available
15:13:39.423 WARNING: No empty Cirrus servers are available
15:13:40.470 Message TYPE: ping
15:13:41.434 WARNING: No empty Cirrus servers are available
15:13:43.448 WARNING: No empty Cirrus servers are available
15:13:45.458 WARNING: No empty Cirrus servers are available
15:13:47.468 WARNING: No empty Cirrus servers are available
15:13:49.479 WARNING: No empty Cirrus servers are available
15:13:51.490 WARNING: No empty Cirrus servers are available
15:13:53.501 WARNING: No empty Cirrus servers are available
15:13:55.512 WARNING: No empty Cirrus servers are available
15:13:57.524 WARNING: No empty Cirrus servers are available
15:13:58.030 Message TYPE: ping
15:13:59.534 WARNING: No empty Cirrus servers are available
15:14:01.545 WARNING: No empty Cirrus servers are available
15:14:03.557 WARNING: No empty Cirrus servers are available
15:14:05.569 WARNING: No empty Cirrus servers are available
15:14:07.581 WARNING: No empty Cirrus servers are available
15:14:09.594 WARNING: No empty Cirrus servers are available
15:14:10.490 Message TYPE: ping
15:14:11.603 WARNING: No empty Cirrus servers are available
15:14:13.616 WARNING: No empty Cirrus servers are available
15:14:15.627 WARNING: No empty Cirrus servers are available
15:14:17.639 WARNING: No empty Cirrus servers are available
15:14:19.651 WARNING: No empty Cirrus servers are available
15:14:21.662 WARNING: No empty Cirrus servers are available
15:14:23.673 WARNING: No empty Cirrus servers are available
15:14:25.684 WARNING: No empty Cirrus servers are available
15:14:27.702 WARNING: No empty Cirrus servers are available
15:14:28.057 Message TYPE: ping
15:14:29.718 WARNING: No empty Cirrus servers are available
15:14:31.729 WARNING: No empty Cirrus servers are available
15:14:33.742 WARNING: No empty Cirrus servers are available
15:14:35.752 WARNING: No empty Cirrus servers are available
15:14:37.765 WARNING: No empty Cirrus servers are available
15:14:39.777 WARNING: No empty Cirrus servers are available
15:14:40.517 Message TYPE: ping
15:14:41.788 WARNING: No empty Cirrus servers are available
15:14:43.799 WARNING: No empty Cirrus servers are available
15:14:45.811 WARNING: No empty Cirrus servers are available
15:14:47.824 WARNING: No empty Cirrus servers are available
15:14:49.835 WARNING: No empty Cirrus servers are available
15:14:51.847 WARNING: No empty Cirrus servers are available
15:14:53.858 WARNING: No empty Cirrus servers are available
15:14:55.867 WARNING: No empty Cirrus servers are available
15:14:57.881 WARNING: No empty Cirrus servers are available
15:14:58.085 Message TYPE: ping
15:14:59.893 WARNING: No empty Cirrus servers are available
15:15:01.905 WARNING: No empty Cirrus servers are available
15:15:03.914 WARNING: No empty Cirrus servers are available
15:15:05.925 WARNING: No empty Cirrus servers are available
15:15:07.934 WARNING: No empty Cirrus servers are available
15:15:09.947 WARNING: No empty Cirrus servers are available
15:15:10.536 Message TYPE: ping
15:15:11.959 WARNING: No empty Cirrus servers are available
15:15:13.971 WARNING: No empty Cirrus servers are available
15:15:15.983 WARNING: No empty Cirrus servers are available
15:15:18.007 WARNING: No empty Cirrus servers are available
15:15:20.022 WARNING: No empty Cirrus servers are available
15:15:22.032 WARNING: No empty Cirrus servers are available
15:15:24.044 WARNING: No empty Cirrus servers are available
15:15:26.058 WARNING: No empty Cirrus servers are available
15:15:28.070 WARNING: No empty Cirrus servers are available
15:15:28.113 Message TYPE: ping
15:15:30.082 WARNING: No empty Cirrus servers are available
15:15:32.094 WARNING: No empty Cirrus servers are available
15:15:34.107 WARNING: No empty Cirrus servers are available
15:15:36.117 WARNING: No empty Cirrus servers are available
15:15:38.130 WARNING: No empty Cirrus servers are available
15:15:40.141 WARNING: No empty Cirrus servers are available
15:15:40.561 Message TYPE: ping
15:15:42.152 WARNING: No empty Cirrus servers are available
15:15:44.163 WARNING: No empty Cirrus servers are available
15:15:46.174 WARNING: No empty Cirrus servers are available
15:15:48.185 WARNING: No empty Cirrus servers are available
15:15:50.196 WARNING: No empty Cirrus servers are available
15:15:52.208 WARNING: No empty Cirrus servers are available
15:15:54.220 WARNING: No empty Cirrus servers are available
15:15:56.230 WARNING: No empty Cirrus servers are available
15:15:58.241 WARNING: No empty Cirrus servers are available
15:16:00.253 WARNING: No empty Cirrus servers are available
15:16:02.264 WARNING: No empty Cirrus servers are available
15:16:04.275 WARNING: No empty Cirrus servers are available
15:16:06.287 WARNING: No empty Cirrus servers are available
15:16:08.297 WARNING: No empty Cirrus servers are available
15:16:10.312 WARNING: No empty Cirrus servers are available
15:16:10.581 Message TYPE: ping
15:16:12.324 WARNING: No empty Cirrus servers are available
15:16:14.338 WARNING: No empty Cirrus servers are available
15:16:16.352 WARNING: No empty Cirrus servers are available
15:16:18.363 WARNING: No empty Cirrus servers are available
15:16:20.374 WARNING: No empty Cirrus servers are available
15:16:22.386 WARNING: No empty Cirrus servers are available
15:16:24.398 WARNING: No empty Cirrus servers are available
15:16:26.408 WARNING: No empty Cirrus servers are available
15:16:28.421 WARNING: No empty Cirrus servers are available
15:16:30.432 WARNING: No empty Cirrus servers are available
15:16:32.445 WARNING: No empty Cirrus servers are available
15:16:34.460 WARNING: No empty Cirrus servers are available
15:16:36.471 WARNING: No empty Cirrus servers are available
15:16:38.482 WARNING: No empty Cirrus servers are available
15:16:40.495 WARNING: No empty Cirrus servers are available
15:16:40.609 Message TYPE: ping
15:16:42.506 WARNING: No empty Cirrus servers are available
15:16:44.517 WARNING: No empty Cirrus servers are available
15:16:46.528 WARNING: No empty Cirrus servers are available
15:16:48.539 WARNING: No empty Cirrus servers are available
15:16:50.550 WARNING: No empty Cirrus servers are available
15:16:52.560 WARNING: No empty Cirrus servers are available
15:16:54.571 WARNING: No empty Cirrus servers are available
15:16:56.584 WARNING: No empty Cirrus servers are available
15:16:58.595 WARNING: No empty Cirrus servers are available
15:17:00.607 WARNING: No empty Cirrus servers are available
15:17:02.629 WARNING: No empty Cirrus servers are available
15:17:04.642 WARNING: No empty Cirrus servers are available
15:17:06.653 WARNING: No empty Cirrus servers are available
15:17:08.663 WARNING: No empty Cirrus servers are available
15:17:10.625 Message TYPE: ping
15:17:10.677 WARNING: No empty Cirrus servers are available
15:17:12.690 WARNING: No empty Cirrus servers are available
15:17:14.702 WARNING: No empty Cirrus servers are available
15:17:16.711 WARNING: No empty Cirrus servers are available
15:17:18.721 WARNING: No empty Cirrus servers are available
15:17:20.734 WARNING: No empty Cirrus servers are available
15:17:22.745 WARNING: No empty Cirrus servers are available
15:17:24.757 WARNING: No empty Cirrus servers are available
15:17:26.769 WARNING: No empty Cirrus servers are available
15:17:28.778 WARNING: No empty Cirrus servers are available
15:17:30.792 WARNING: No empty Cirrus servers are available
15:17:32.804 WARNING: No empty Cirrus servers are available
15:17:34.820 WARNING: No empty Cirrus servers are available
15:17:36.833 WARNING: No empty Cirrus servers are available
15:17:38.842 WARNING: No empty Cirrus servers are available
15:17:39.533 WARNING: No empty Cirrus servers are available
15:17:40.653 Message TYPE: ping
15:17:41.545 WARNING: No empty Cirrus servers are available
15:17:43.558 WARNING: No empty Cirrus servers are available
15:17:45.569 WARNING: No empty Cirrus servers are available
15:17:47.580 WARNING: No empty Cirrus servers are available
15:17:48.989 Message TYPE: clientDisconnected
15:17:48.991 Client disconnected from Cirrus server localhost:7001
15:17:50.028 Redirect to localhost:7001
15:17:58.301 WARNING: No empty Cirrus servers are available
15:18:10.669 Message TYPE: ping
15:18:17.516 WARNING: No empty Cirrus servers are available
15:18:19.557 WARNING: No empty Cirrus servers are available
15:18:21.595 WARNING: No empty Cirrus servers are available
15:18:23.626 WARNING: No empty Cirrus servers are available
15:18:25.675 WARNING: No empty Cirrus servers are available
15:18:27.721 WARNING: No empty Cirrus servers are available
15:18:29.763 WARNING: No empty Cirrus servers are available
15:18:31.807 WARNING: No empty Cirrus servers are available
15:18:33.850 WARNING: No empty Cirrus servers are available
15:18:35.879 Redirect to localhost:7001
15:18:40.697 Message TYPE: ping
15:19:10.713 Message TYPE: ping
15:19:40.741 Message TYPE: ping
15:22:18.280 Message TYPE: connect
15:22:18.281 RECONNECT: cirrus server address localhost already found--replacing. playerConnected: false
15:22:18.281 Replacing server with original with numConn: 0
15:22:18.296 Message TYPE: streamerConnected
15:22:18.296 Cirrus server localhost:7001 ready for use
15:22:48.290 Message TYPE: ping
15:23:18.317 Message TYPE: ping
15:23:48.345 Message TYPE: ping
15:24:09.933 Redirect to localhost:7001
